{"level":"info","message":"🚀 Twitter Bot server running on port 8080","service":"twitter-bot","timestamp":"2025-09-04T07:15:54.452Z"}
{"level":"info","message":"Environment: development","service":"twitter-bot","timestamp":"2025-09-04T07:15:54.462Z"}
{"level":"info","message":"Mode: PRODUCTION","service":"twitter-bot","timestamp":"2025-09-04T07:15:54.463Z"}
{"level":"info","message":"Health check: http://localhost:8080/health","service":"twitter-bot","timestamp":"2025-09-04T07:15:54.464Z"}
{"level":"info","message":"Connected to Redis","service":"twitter-bot","timestamp":"2025-09-04T07:15:54.576Z"}
{"jobData":{"scheduleData":{"custom_prompt":"LOl","id":"cca962a9-7132-4515-bf8f-a5f53eb48e0f","image_prompt":null,"include_image":false,"schedule_type":"everyMinute","status":"scheduled","text":null}},"level":"info","message":"Processing scheduled tweet job: repeat:c43a515b11e2edfa7a70baf521849e3a:1756968780000","service":"twitter-bot","timestamp":"2025-09-04T07:15:54.747Z"}
{"level":"info","message":"🚀 Twitter Bot server running on port 8080","service":"twitter-bot","timestamp":"2025-09-04T07:15:57.436Z"}
{"level":"info","message":"Environment: development","service":"twitter-bot","timestamp":"2025-09-04T07:15:57.440Z"}
{"level":"info","message":"Mode: PRODUCTION","service":"twitter-bot","timestamp":"2025-09-04T07:15:57.442Z"}
{"level":"info","message":"Health check: http://localhost:8080/health","service":"twitter-bot","timestamp":"2025-09-04T07:15:57.442Z"}
{"level":"info","message":"Connected to Redis","service":"twitter-bot","timestamp":"2025-09-04T07:15:57.566Z"}
{"jobData":{"scheduleData":{"custom_prompt":"LOl","id":"cca962a9-7132-4515-bf8f-a5f53eb48e0f","image_prompt":null,"include_image":false,"schedule_type":"everyMinute","status":"scheduled","text":null}},"level":"info","message":"Processing scheduled tweet job: repeat:c43a515b11e2edfa7a70baf521849e3a:1756968840000","service":"twitter-bot","timestamp":"2025-09-04T07:15:57.654Z"}
{"level":"info","message":"Database cleanup completed","service":"twitter-bot","timestamp":"2025-09-04T07:15:58.308Z"}
{"length":158,"level":"info","message":"AI tweet generated successfully:","prompt":"LOl...","service":"twitter-bot","timestamp":"2025-09-04T07:15:58.810Z"}
{"level":"info","message":"Tweet posted successfully:","service":"twitter-bot","text":"Just climbed out of a 5-hour LOL match. My thumbs ...","timestamp":"2025-09-04T07:15:59.831Z","tweetId":"1963501279801659543"}
{"code":"PGRST204","details":null,"hint":null,"level":"error","message":"Supabase update error: Could not find the 'text' column of 'scheduled_tweets' in the schema cache","service":"twitter-bot","timestamp":"2025-09-04T07:16:00.275Z"}
{"error":"Could not find the 'text' column of 'scheduled_tweets' in the schema cache","id":"cca962a9-7132-4515-bf8f-a5f53eb48e0f","level":"error","message":"Failed to update scheduled tweet:","service":"twitter-bot","timestamp":"2025-09-04T07:16:00.277Z"}
{"level":"error","message":"Scheduled tweet job repeat:c43a515b11e2edfa7a70baf521849e3a:1756968840000 failed:","service":"twitter-bot","timestamp":"2025-09-04T07:16:00.278Z"}
{"level":"error","message":"Scheduled tweet job repeat:c43a515b11e2edfa7a70baf521849e3a:1756968840000 failed:","service":"twitter-bot","timestamp":"2025-09-04T07:16:00.288Z"}
{"jobData":{"scheduleData":{"custom_prompt":"LOl","id":"cca962a9-7132-4515-bf8f-a5f53eb48e0f","image_prompt":null,"include_image":false,"schedule_type":"everyMinute","status":"scheduled","text":null}},"level":"info","message":"Processing scheduled tweet job: repeat:c43a515b11e2edfa7a70baf521849e3a:1756968720000","service":"twitter-bot","timestamp":"2025-09-04T07:16:00.306Z"}
{"length":107,"level":"info","message":"AI tweet generated successfully:","prompt":"LOl...","service":"twitter-bot","timestamp":"2025-09-04T07:16:01.070Z"}
{"level":"info","message":"Tweet posted successfully:","service":"twitter-bot","text":"My brain after a LOL game: 🤯  Send help (and snac...","timestamp":"2025-09-04T07:16:01.526Z","tweetId":"1963501286806229008"}
{"code":"PGRST204","details":null,"hint":null,"level":"error","message":"Supabase update error: Could not find the 'text' column of 'scheduled_tweets' in the schema cache","service":"twitter-bot","timestamp":"2025-09-04T07:16:01.714Z"}
{"error":"Could not find the 'text' column of 'scheduled_tweets' in the schema cache","id":"cca962a9-7132-4515-bf8f-a5f53eb48e0f","level":"error","message":"Failed to update scheduled tweet:","service":"twitter-bot","timestamp":"2025-09-04T07:16:01.714Z"}
{"level":"error","message":"Scheduled tweet job repeat:c43a515b11e2edfa7a70baf521849e3a:1756968720000 failed:","service":"twitter-bot","timestamp":"2025-09-04T07:16:01.715Z"}
{"level":"error","message":"Scheduled tweet job repeat:c43a515b11e2edfa7a70baf521849e3a:1756968720000 failed:","service":"twitter-bot","timestamp":"2025-09-04T07:16:01.718Z"}
{"jobData":{"scheduleData":{"custom_prompt":"LOl","id":"cca962a9-7132-4515-bf8f-a5f53eb48e0f","image_prompt":null,"include_image":false,"schedule_type":"everyMinute","status":"scheduled","text":null}},"level":"info","message":"Processing scheduled tweet job: repeat:c43a515b11e2edfa7a70baf521849e3a:1756970160000","service":"twitter-bot","timestamp":"2025-09-04T07:16:01.738Z"}
{"length":97,"level":"info","message":"AI tweet generated successfully:","prompt":"LOl...","service":"twitter-bot","timestamp":"2025-09-04T07:16:02.623Z"}
{"level":"info","message":"Tweet posted successfully:","service":"twitter-bot","text":"That feeling when you steal Baron and secure the n...","timestamp":"2025-09-04T07:16:03.020Z","tweetId":"1963501293240291808"}
{"code":"PGRST204","details":null,"hint":null,"level":"error","message":"Supabase update error: Could not find the 'text' column of 'scheduled_tweets' in the schema cache","service":"twitter-bot","timestamp":"2025-09-04T07:16:03.273Z"}
{"error":"Could not find the 'text' column of 'scheduled_tweets' in the schema cache","id":"cca962a9-7132-4515-bf8f-a5f53eb48e0f","level":"error","message":"Failed to update scheduled tweet:","service":"twitter-bot","timestamp":"2025-09-04T07:16:03.274Z"}
{"level":"error","message":"Scheduled tweet job repeat:c43a515b11e2edfa7a70baf521849e3a:1756970160000 failed:","service":"twitter-bot","timestamp":"2025-09-04T07:16:03.275Z"}
{"level":"error","message":"Scheduled tweet job repeat:c43a515b11e2edfa7a70baf521849e3a:1756970160000 failed:","service":"twitter-bot","timestamp":"2025-09-04T07:16:03.277Z"}
{"jobData":{"scheduleData":{"custom_prompt":"LOl","id":"cca962a9-7132-4515-bf8f-a5f53eb48e0f","image_prompt":null,"include_image":false,"schedule_type":"everyMinute","status":"scheduled","text":null}},"level":"info","message":"Processing scheduled tweet job: repeat:c43a515b11e2edfa7a70baf521849e3a:1756968840000","service":"twitter-bot","timestamp":"2025-09-04T07:16:05.309Z"}
{"length":126,"level":"info","message":"AI tweet generated successfully:","prompt":"LOl...","service":"twitter-bot","timestamp":"2025-09-04T07:16:07.503Z"}
{"level":"info","message":"Tweet posted successfully:","service":"twitter-bot","text":"GG!  That clutch Pentakill secured the win! 🤩 Wha...","timestamp":"2025-09-04T07:16:07.922Z","tweetId":"1963501313750397418"}
{"code":"PGRST204","details":null,"hint":null,"level":"error","message":"Supabase update error: Could not find the 'text' column of 'scheduled_tweets' in the schema cache","service":"twitter-bot","timestamp":"2025-09-04T07:16:08.430Z"}
{"error":"Could not find the 'text' column of 'scheduled_tweets' in the schema cache","id":"cca962a9-7132-4515-bf8f-a5f53eb48e0f","level":"error","message":"Failed to update scheduled tweet:","service":"twitter-bot","timestamp":"2025-09-04T07:16:08.431Z"}
{"level":"error","message":"Scheduled tweet job repeat:c43a515b11e2edfa7a70baf521849e3a:1756968840000 failed:","service":"twitter-bot","timestamp":"2025-09-04T07:16:08.432Z"}
{"level":"error","message":"Scheduled tweet job repeat:c43a515b11e2edfa7a70baf521849e3a:1756968840000 failed:","service":"twitter-bot","timestamp":"2025-09-04T07:16:08.440Z"}
{"jobData":{"scheduleData":{"custom_prompt":"LOl","id":"cca962a9-7132-4515-bf8f-a5f53eb48e0f","image_prompt":null,"include_image":false,"schedule_type":"everyMinute","status":"scheduled","text":null}},"level":"info","message":"Processing scheduled tweet job: repeat:c43a515b11e2edfa7a70baf521849e3a:1756970160000","service":"twitter-bot","timestamp":"2025-09-04T07:16:08.459Z"}
{"level":"info","limit":17,"message":"Rate limit status updated:","remaining":13,"resetTime":"2025-09-05T00:00:00.000Z","service":"twitter-bot","timestamp":"2025-09-04T07:16:08.978Z"}
{"length":107,"level":"info","message":"AI tweet generated successfully:","prompt":"LOl...","service":"twitter-bot","timestamp":"2025-09-04T07:16:09.440Z"}
{"level":"info","message":"Tweet posted successfully:","service":"twitter-bot","text":"Ranked anxiety is REAL 😅  Anyone else feel the pr...","timestamp":"2025-09-04T07:16:10.718Z","tweetId":"1963501321853833265"}
{"code":"PGRST204","details":null,"hint":null,"level":"error","message":"Supabase update error: Could not find the 'text' column of 'scheduled_tweets' in the schema cache","service":"twitter-bot","timestamp":"2025-09-04T07:16:10.989Z"}
{"error":"Could not find the 'text' column of 'scheduled_tweets' in the schema cache","id":"cca962a9-7132-4515-bf8f-a5f53eb48e0f","level":"error","message":"Failed to update scheduled tweet:","service":"twitter-bot","timestamp":"2025-09-04T07:16:10.990Z"}
{"level":"error","message":"Scheduled tweet job repeat:c43a515b11e2edfa7a70baf521849e3a:1756970160000 failed:","service":"twitter-bot","timestamp":"2025-09-04T07:16:10.991Z"}
{"level":"error","message":"Scheduled tweet job repeat:c43a515b11e2edfa7a70baf521849e3a:1756970160000 failed:","service":"twitter-bot","timestamp":"2025-09-04T07:16:10.994Z"}
{"jobData":{"scheduleData":{"custom_prompt":"LOl","id":"cca962a9-7132-4515-bf8f-a5f53eb48e0f","image_prompt":null,"include_image":false,"schedule_type":"everyMinute","status":"scheduled","text":null}},"level":"info","message":"Processing scheduled tweet job: repeat:c43a515b11e2edfa7a70baf521849e3a:1756968840000","service":"twitter-bot","timestamp":"2025-09-04T07:16:23.445Z"}
{"length":134,"level":"info","message":"AI tweet generated successfully:","prompt":"LOl...","service":"twitter-bot","timestamp":"2025-09-04T07:16:24.427Z"}
{"level":"info","message":"Tweet posted successfully:","service":"twitter-bot","text":"Dodged a skillshot so hard, I think I broke the sp...","timestamp":"2025-09-04T07:16:24.859Z","tweetId":"1963501384990691444"}
{"code":"PGRST204","details":null,"hint":null,"level":"error","message":"Supabase update error: Could not find the 'text' column of 'scheduled_tweets' in the schema cache","service":"twitter-bot","timestamp":"2025-09-04T07:16:25.222Z"}
{"error":"Could not find the 'text' column of 'scheduled_tweets' in the schema cache","id":"cca962a9-7132-4515-bf8f-a5f53eb48e0f","level":"error","message":"Failed to update scheduled tweet:","service":"twitter-bot","timestamp":"2025-09-04T07:16:25.223Z"}
{"level":"error","message":"Scheduled tweet job repeat:c43a515b11e2edfa7a70baf521849e3a:1756968840000 failed:","service":"twitter-bot","timestamp":"2025-09-04T07:16:25.223Z"}
{"level":"error","message":"Scheduled tweet job repeat:c43a515b11e2edfa7a70baf521849e3a:1756968840000 failed:","service":"twitter-bot","timestamp":"2025-09-04T07:16:25.226Z"}
{"jobData":{"scheduleData":{"custom_prompt":"LOl","id":"cca962a9-7132-4515-bf8f-a5f53eb48e0f","image_prompt":null,"include_image":false,"schedule_type":"everyMinute","status":"scheduled","text":null}},"level":"info","message":"Processing scheduled tweet job: repeat:c43a515b11e2edfa7a70baf521849e3a:1756970160000","service":"twitter-bot","timestamp":"2025-09-04T07:16:26.017Z"}
{"level":"info","message":"SIGINT received, shutting down gracefully...","service":"twitter-bot","timestamp":"2025-09-04T07:16:26.519Z"}
{"level":"info","message":"🚀 Twitter Bot server running on port 8080","service":"twitter-bot","timestamp":"2025-09-04T07:16:55.413Z"}
{"level":"info","message":"Environment: development","service":"twitter-bot","timestamp":"2025-09-04T07:16:55.416Z"}
{"level":"info","message":"Mode: PRODUCTION","service":"twitter-bot","timestamp":"2025-09-04T07:16:55.417Z"}
{"level":"info","message":"Health check: http://localhost:8080/health","service":"twitter-bot","timestamp":"2025-09-04T07:16:55.418Z"}
{"level":"info","message":"Connected to Redis","service":"twitter-bot","timestamp":"2025-09-04T07:16:55.537Z"}
{"level":"info","message":"Database cleanup completed","service":"twitter-bot","timestamp":"2025-09-04T07:16:55.962Z"}
{"level":"error","message":"Failed to create scheduled tweet:","service":"twitter-bot","timestamp":"2025-09-04T07:17:30.362Z"}
{"level":"error","message":"Tweet scheduling failed:","service":"twitter-bot","timestamp":"2025-09-04T07:17:30.364Z"}
{"level":"info","message":"SIGINT received, shutting down gracefully...","service":"twitter-bot","timestamp":"2025-09-04T07:21:20.160Z"}
{"level":"info","message":"🚀 Twitter Bot server running on port 8080","service":"twitter-bot","timestamp":"2025-09-04T07:21:42.648Z"}
{"level":"info","message":"Environment: development","service":"twitter-bot","timestamp":"2025-09-04T07:21:42.650Z"}
{"level":"info","message":"Mode: PRODUCTION","service":"twitter-bot","timestamp":"2025-09-04T07:21:42.651Z"}
{"level":"info","message":"Health check: http://localhost:8080/health","service":"twitter-bot","timestamp":"2025-09-04T07:21:42.652Z"}
{"level":"info","message":"Connected to Redis","service":"twitter-bot","timestamp":"2025-09-04T07:21:42.818Z"}
{"level":"info","message":"Database cleanup completed","service":"twitter-bot","timestamp":"2025-09-04T07:21:43.504Z"}
{"level":"info","limit":17,"message":"Rate limit status updated:","remaining":17,"resetTime":"2025-09-05T00:00:00.000Z","service":"twitter-bot","timestamp":"2025-09-04T07:21:54.192Z"}
{"level":"info","message":"Scheduled tweet created:","service":"twitter-bot","timestamp":"2025-09-04T07:22:26.414Z"}
{"level":"info","message":"🚀 Twitter Bot server running on port 8080","service":"twitter-bot","timestamp":"2025-09-04T07:25:01.432Z"}
{"level":"info","message":"Environment: development","service":"twitter-bot","timestamp":"2025-09-04T07:25:01.435Z"}
{"level":"info","message":"Mode: PRODUCTION","service":"twitter-bot","timestamp":"2025-09-04T07:25:01.437Z"}
{"level":"info","message":"Health check: http://localhost:8080/health","service":"twitter-bot","timestamp":"2025-09-04T07:25:01.437Z"}
{"level":"info","message":"Connected to Redis","service":"twitter-bot","timestamp":"2025-09-04T07:25:01.624Z"}
{"level":"info","message":"Database cleanup completed","service":"twitter-bot","timestamp":"2025-09-04T07:25:02.568Z"}
{"level":"info","limit":17,"message":"Rate limit status updated:","remaining":17,"resetTime":"2025-09-05T00:00:00.000Z","service":"twitter-bot","timestamp":"2025-09-04T07:25:09.946Z"}
{"level":"info","message":"Added tweet job to queue: 1","service":"twitter-bot","timestamp":"2025-09-04T07:25:17.214Z"}
{"imageFile":null,"level":"info","message":"Processing immediate tweet job: 1","service":"twitter-bot","text":"Hi","timestamp":"2025-09-04T07:25:17.225Z"}
{"level":"info","message":"Tweet posted successfully:","service":"twitter-bot","text":"Hi...","timestamp":"2025-09-04T07:25:17.795Z","tweetId":"1963503620164571343"}
{"level":"info","message":"Tweet history saved:","service":"twitter-bot","timestamp":"2025-09-04T07:25:18.356Z"}
{"level":"info","message":"Tweet posted successfully: 1963503620164571343","service":"twitter-bot","timestamp":"2025-09-04T07:25:18.357Z"}
{"level":"info","message":"Tweet job 1 completed:","service":"twitter-bot","success":true,"timestamp":"2025-09-04T07:25:18.362Z","tweetId":"1963503620164571343"}
{"level":"info","message":"Scheduled tweet created:","service":"twitter-bot","timestamp":"2025-09-04T07:25:42.919Z"}
{"level":"info","message":"Added scheduled tweet job: repeat:c43a515b11e2edfa7a70baf521849e3a:1756970760000 with cron: */1 * * * *","service":"twitter-bot","timestamp":"2025-09-04T07:25:43.164Z"}
{"level":"info","message":"Tweet scheduled successfully:","service":"twitter-bot","timestamp":"2025-09-04T07:25:43.165Z"}
{"jobData":{"scheduleData":{"custom_prompt":"30 challenges about web3","id":"32cdc40d-5391-464d-bf41-56e4313fd15b","image_prompt":null,"include_image":false,"schedule_type":"everyMinute","status":"scheduled","text":null}},"level":"info","message":"Processing scheduled tweet job: repeat:c43a515b11e2edfa7a70baf521849e3a:1756970760000","service":"twitter-bot","timestamp":"2025-09-04T07:26:00.027Z"}
{"length":159,"level":"info","message":"AI tweet generated successfully:","prompt":"30 challenges about web3...","service":"twitter-bot","timestamp":"2025-09-04T07:26:00.951Z"}
{"level":"info","message":"Tweet posted successfully:","service":"twitter-bot","text":"Level up your Web3 game! 🚀  30 challenges to mast...","timestamp":"2025-09-04T07:26:01.399Z","tweetId":"1963503803044704714"}
{"level":"info","message":"Scheduled tweet updated successfully:","service":"twitter-bot","timestamp":"2025-09-04T07:26:01.732Z"}
{"level":"info","message":"Tweet history saved:","service":"twitter-bot","timestamp":"2025-09-04T07:26:01.977Z"}
{"level":"info","message":"Scheduled tweet posted successfully: 1963503803044704714","service":"twitter-bot","timestamp":"2025-09-04T07:26:01.977Z"}
{"level":"info","message":"Scheduled tweet job repeat:c43a515b11e2edfa7a70baf521849e3a:1756970760000 completed:","service":"twitter-bot","success":true,"timestamp":"2025-09-04T07:26:01.979Z","tweetId":"1963503803044704714"}
{"level":"info","message":"SIGINT received, shutting down gracefully...","service":"twitter-bot","timestamp":"2025-09-04T07:26:08.351Z"}
