{"code":"PGRST204","details":null,"hint":null,"level":"error","message":"Supabase update error: Could not find the 'text' column of 'scheduled_tweets' in the schema cache","service":"twitter-bot","timestamp":"2025-09-04T07:16:00.275Z"}
{"error":"Could not find the 'text' column of 'scheduled_tweets' in the schema cache","id":"cca962a9-7132-4515-bf8f-a5f53eb48e0f","level":"error","message":"Failed to update scheduled tweet:","service":"twitter-bot","timestamp":"2025-09-04T07:16:00.277Z"}
{"level":"error","message":"Scheduled tweet job repeat:c43a515b11e2edfa7a70baf521849e3a:1756968840000 failed:","service":"twitter-bot","timestamp":"2025-09-04T07:16:00.278Z"}
{"level":"error","message":"Scheduled tweet job repeat:c43a515b11e2edfa7a70baf521849e3a:1756968840000 failed:","service":"twitter-bot","timestamp":"2025-09-04T07:16:00.288Z"}
{"code":"PGRST204","details":null,"hint":null,"level":"error","message":"Supabase update error: Could not find the 'text' column of 'scheduled_tweets' in the schema cache","service":"twitter-bot","timestamp":"2025-09-04T07:16:01.714Z"}
{"error":"Could not find the 'text' column of 'scheduled_tweets' in the schema cache","id":"cca962a9-7132-4515-bf8f-a5f53eb48e0f","level":"error","message":"Failed to update scheduled tweet:","service":"twitter-bot","timestamp":"2025-09-04T07:16:01.714Z"}
{"level":"error","message":"Scheduled tweet job repeat:c43a515b11e2edfa7a70baf521849e3a:1756968720000 failed:","service":"twitter-bot","timestamp":"2025-09-04T07:16:01.715Z"}
{"level":"error","message":"Scheduled tweet job repeat:c43a515b11e2edfa7a70baf521849e3a:1756968720000 failed:","service":"twitter-bot","timestamp":"2025-09-04T07:16:01.718Z"}
{"code":"PGRST204","details":null,"hint":null,"level":"error","message":"Supabase update error: Could not find the 'text' column of 'scheduled_tweets' in the schema cache","service":"twitter-bot","timestamp":"2025-09-04T07:16:03.273Z"}
{"error":"Could not find the 'text' column of 'scheduled_tweets' in the schema cache","id":"cca962a9-7132-4515-bf8f-a5f53eb48e0f","level":"error","message":"Failed to update scheduled tweet:","service":"twitter-bot","timestamp":"2025-09-04T07:16:03.274Z"}
{"level":"error","message":"Scheduled tweet job repeat:c43a515b11e2edfa7a70baf521849e3a:1756970160000 failed:","service":"twitter-bot","timestamp":"2025-09-04T07:16:03.275Z"}
{"level":"error","message":"Scheduled tweet job repeat:c43a515b11e2edfa7a70baf521849e3a:1756970160000 failed:","service":"twitter-bot","timestamp":"2025-09-04T07:16:03.277Z"}
{"code":"PGRST204","details":null,"hint":null,"level":"error","message":"Supabase update error: Could not find the 'text' column of 'scheduled_tweets' in the schema cache","service":"twitter-bot","timestamp":"2025-09-04T07:16:08.430Z"}
{"error":"Could not find the 'text' column of 'scheduled_tweets' in the schema cache","id":"cca962a9-7132-4515-bf8f-a5f53eb48e0f","level":"error","message":"Failed to update scheduled tweet:","service":"twitter-bot","timestamp":"2025-09-04T07:16:08.431Z"}
{"level":"error","message":"Scheduled tweet job repeat:c43a515b11e2edfa7a70baf521849e3a:1756968840000 failed:","service":"twitter-bot","timestamp":"2025-09-04T07:16:08.432Z"}
{"level":"error","message":"Scheduled tweet job repeat:c43a515b11e2edfa7a70baf521849e3a:1756968840000 failed:","service":"twitter-bot","timestamp":"2025-09-04T07:16:08.440Z"}
{"code":"PGRST204","details":null,"hint":null,"level":"error","message":"Supabase update error: Could not find the 'text' column of 'scheduled_tweets' in the schema cache","service":"twitter-bot","timestamp":"2025-09-04T07:16:10.989Z"}
{"error":"Could not find the 'text' column of 'scheduled_tweets' in the schema cache","id":"cca962a9-7132-4515-bf8f-a5f53eb48e0f","level":"error","message":"Failed to update scheduled tweet:","service":"twitter-bot","timestamp":"2025-09-04T07:16:10.990Z"}
{"level":"error","message":"Scheduled tweet job repeat:c43a515b11e2edfa7a70baf521849e3a:1756970160000 failed:","service":"twitter-bot","timestamp":"2025-09-04T07:16:10.991Z"}
{"level":"error","message":"Scheduled tweet job repeat:c43a515b11e2edfa7a70baf521849e3a:1756970160000 failed:","service":"twitter-bot","timestamp":"2025-09-04T07:16:10.994Z"}
{"code":"PGRST204","details":null,"hint":null,"level":"error","message":"Supabase update error: Could not find the 'text' column of 'scheduled_tweets' in the schema cache","service":"twitter-bot","timestamp":"2025-09-04T07:16:25.222Z"}
{"error":"Could not find the 'text' column of 'scheduled_tweets' in the schema cache","id":"cca962a9-7132-4515-bf8f-a5f53eb48e0f","level":"error","message":"Failed to update scheduled tweet:","service":"twitter-bot","timestamp":"2025-09-04T07:16:25.223Z"}
{"level":"error","message":"Scheduled tweet job repeat:c43a515b11e2edfa7a70baf521849e3a:1756968840000 failed:","service":"twitter-bot","timestamp":"2025-09-04T07:16:25.223Z"}
{"level":"error","message":"Scheduled tweet job repeat:c43a515b11e2edfa7a70baf521849e3a:1756968840000 failed:","service":"twitter-bot","timestamp":"2025-09-04T07:16:25.226Z"}
{"level":"error","message":"Failed to create scheduled tweet:","service":"twitter-bot","timestamp":"2025-09-04T07:17:30.362Z"}
{"level":"error","message":"Tweet scheduling failed:","service":"twitter-bot","timestamp":"2025-09-04T07:17:30.364Z"}
